2019-04-09 10:28:59
2019-04-09 11:28:26
2019-04-10 05:40:54
2019-04-10 05:43:26
2019-04-10 06:08:13
2019-04-10 06:08:14
2019-04-10 06:10:08
2019-04-10 06:11:57
2019-04-10 06:45:53
		<xml><ToUserName><![CDATA[gh_de1c8ade602d]]></ToUserName>
		<FromUserName><![CDATA[oLreB1jAnJFzV_8AGWUZlfuaoQto]]></FromUserName>
		<CreateTime>1554864748</CreateTime>
		<MsgType><![CDATA[event]]></MsgType>
		<Event><![CDATA[subscribe]]></Event>
		<EventKey><![CDATA[]]></EventKey>
		</xml>
2019-04-10 06:46:17
		<xml><ToUserName><![CDATA[gh_de1c8ade602d]]></ToUserName>
		<FromUserName><![CDATA[oLreB1jAnJFzV_8AGWUZlfuaoQto]]></FromUserName>
		<CreateTime>1554864748</CreateTime>
		<MsgType><![CDATA[event]]></MsgType>
		<Event><![CDATA[subscribe]]></Event>
		<EventKey><![CDATA[]]></EventKey>
		</xml>
2019-04-10 06:47:18		<xml><ToUserName><![CDATA[gh_de1c8ade602d]]></ToUserName>
		<FromUserName><![CDATA[oLreB1jAnJFzV_8AGWUZlfuaoQto]]></FromUserName>
		<CreateTime>1554864748</CreateTime>
		<MsgType><![CDATA[event]]></MsgType>
		<Event><![CDATA[subscribe]]></Event>
		<EventKey><![CDATA[]]></EventKey>
		</xml>

2019-04-10 06:51:40		<xml><ToUserName><![CDATA[gh_de1c8ade602d]]></ToUserName>
		<FromUserName><![CDATA[oLreB1jAnJFzV_8AGWUZlfuaoQto]]></FromUserName>
		<CreateTime>1554864748</CreateTime>
		<MsgType><![CDATA[event]]></MsgType>
		<Event><![CDATA[subscribe]]></Event>
		<EventKey><![CDATA[]]></EventKey>
		</xml>

2019-04-10 06:52:05		<xml><ToUserName><![CDATA[gh_de1c8ade602d]]></ToUserName>
		<FromUserName><![CDATA[oLreB1jAnJFzV_8AGWUZlfuaoQto]]></FromUserName>
		<CreateTime>1554864748</CreateTime>
		<MsgType><![CDATA[event]]></MsgType>
		<Event><![CDATA[subscribe]]></Event>
		<EventKey><![CDATA[]]></EventKey>
		</xml>

2019-04-10 06:55:31		<xml><ToUserName><![CDATA[gh_de1c8ade602d]]></ToUserName>
		<FromUserName><![CDATA[oLreB1jAnJFzV_8AGWUZlfuaoQto]]></FromUserName>
		<CreateTime>1554864748</CreateTime>
		<MsgType><![CDATA[event]]></MsgType>
		<Event><![CDATA[subscribe]]></Event>
		<EventKey><![CDATA[]]></EventKey>
		</xml>

2019-04-10 07:07:01		<xml><ToUserName><![CDATA[gh_de1c8ade602d]]></ToUserName>
		<FromUserName><![CDATA[oLreB1jAnJFzV_8AGWUZlfuaoQto]]></FromUserName>
		<CreateTime>1554864748</CreateTime>
		<MsgType><![CDATA[event]]></MsgType>
		<Event><![CDATA[subscribe]]></Event>
		<EventKey><![CDATA[]]></EventKey>
		</xml>

2019-04-10 07:09:29		<xml><ToUserName><![CDATA[gh_de1c8ade602d]]></ToUserName>
		<FromUserName><![CDATA[oLreB1jAnJFzV_8AGWUZlfuaoQto]]></FromUserName>
		<CreateTime>1554864748</CreateTime>
		<MsgType><![CDATA[event]]></MsgType>
		<Event><![CDATA[subscribe]]></Event>
		<EventKey><![CDATA[]]></EventKey>
		</xml>

2019-04-10 08:30:52		<xml><ToUserName><![CDATA[gh_de1c8ade602d]]></ToUserName>
		<FromUserName><![CDATA[oLreB1jAnJFzV_8AGWUZlfuaoQto]]></FromUserName>
		<CreateTime>1554864748</CreateTime>
		<MsgType><![CDATA[event]]></MsgType>
		<Event><![CDATA[subscribe]]></Event>
		<EventKey><![CDATA[]]></EventKey>
		</xml>

2019-04-10 10:17:13
2019-04-10 10:23:33
2019-04-10 10:24:55
2019-04-10 10:47:06
2019-04-10 10:50:24
2019-04-10 10:56:08
2019-04-10 11:31:27
2019-04-10 11:33:04
2019-04-10 11:37:32
2019-04-10 11:39:14
2019-04-10 11:40:08
2019-04-10 11:40:25
2019-04-10 11:40:45
2019-04-10 11:40:48
2019-04-11 04:43:16
2019-04-11 04:47:27
2019-04-11 04:48:36
2019-04-11 04:51:53
2019-04-11 04:53:19
2019-04-11 05:17:02<xml><ToUserName><![CDATA[gh_e8d192d4b86d]]></ToUserName>
<FromUserName><![CDATA[oEggo50Kip7Wfywmsu_J77IUtcfg]]></FromUserName>
<CreateTime>1554959766</CreateTime>
<MsgType><![CDATA[event]]></MsgType>
<Event><![CDATA[subscribe]]></Event>
<EventKey><![CDATA[]]></EventKey>
</xml>

2019-04-11 05:17:21<xml><ToUserName><![CDATA[gh_e8d192d4b86d]]></ToUserName>
<FromUserName><![CDATA[oEggo50Kip7Wfywmsu_J77IUtcfg]]></FromUserName>
<CreateTime>1554959766</CreateTime>
<MsgType><![CDATA[event]]></MsgType>
<Event><![CDATA[subscribe]]></Event>
<EventKey><![CDATA[]]></EventKey>
</xml>

2019-04-11 05:18:50<xml><ToUserName><![CDATA[gh_e8d192d4b86d]]></ToUserName>
<FromUserName><![CDATA[oEggo50Kip7Wfywmsu_J77IUtcfg]]></FromUserName>
<CreateTime>1554959766</CreateTime>
<MsgType><![CDATA[event]]></MsgType>
<Event><![CDATA[subscribe]]></Event>
<EventKey><![CDATA[]]></EventKey>
</xml>

2019-04-11 05:21:33<xml><ToUserName><![CDATA[gh_e8d192d4b86d]]></ToUserName>
<FromUserName><![CDATA[oEggo50Kip7Wfywmsu_J77IUtcfg]]></FromUserName>
<CreateTime>1554959766</CreateTime>
<MsgType><![CDATA[event]]></MsgType>
<Event><![CDATA[subscribe]]></Event>
<EventKey><![CDATA[]]></EventKey>
</xml>

2019-04-11 05:22:23<xml><ToUserName><![CDATA[gh_e8d192d4b86d]]></ToUserName>
<FromUserName><![CDATA[oEggo50Kip7Wfywmsu_J77IUtcfg]]></FromUserName>
<CreateTime>1554959766</CreateTime>
<MsgType><![CDATA[event]]></MsgType>
<Event><![CDATA[subscribe]]></Event>
<EventKey><![CDATA[]]></EventKey>
</xml>

2019-04-11 05:23:49<xml><ToUserName><![CDATA[gh_e8d192d4b86d]]></ToUserName>
<FromUserName><![CDATA[oEggo50Kip7Wfywmsu_J77IUtcfg]]></FromUserName>
<CreateTime>1554959766</CreateTime>
<MsgType><![CDATA[event]]></MsgType>
<Event><![CDATA[subscribe]]></Event>
<EventKey><![CDATA[]]></EventKey>
</xml>

2019-04-11 05:26:29<xml><ToUserName><![CDATA[gh_e8d192d4b86d]]></ToUserName>
<FromUserName><![CDATA[oEggo50Kip7Wfywmsu_J77IUtcfg]]></FromUserName>
<CreateTime>1554959766</CreateTime>
<MsgType><![CDATA[event]]></MsgType>
<Event><![CDATA[subscribe]]></Event>
<EventKey><![CDATA[]]></EventKey>
</xml>

2019-04-11 05:26:41<xml><ToUserName><![CDATA[gh_e8d192d4b86d]]></ToUserName>
<FromUserName><![CDATA[oEggo50Kip7Wfywmsu_J77IUtcfg]]></FromUserName>
<CreateTime>1554959766</CreateTime>
<MsgType><![CDATA[event]]></MsgType>
<Event><![CDATA[subscribe]]></Event>
<EventKey><![CDATA[]]></EventKey>
</xml>

2019-04-11 05:27:31<xml><ToUserName><![CDATA[gh_e8d192d4b86d]]></ToUserName>
<FromUserName><![CDATA[oEggo50Kip7Wfywmsu_J77IUtcfg]]></FromUserName>
<CreateTime>1554959766</CreateTime>
<MsgType><![CDATA[event]]></MsgType>
<Event><![CDATA[subscribe]]></Event>
<EventKey><![CDATA[]]></EventKey>
</xml>

2019-04-11 06:55:37<xml><ToUserName><![CDATA[gh_e8d192d4b86d]]></ToUserName>
<FromUserName><![CDATA[oEggo50Kip7Wfywmsu_J77IUtcfg]]></FromUserName>
<CreateTime>1554959766</CreateTime>
<MsgType><![CDATA[event]]></MsgType>
<Event><![CDATA[subscribe]]></Event>
<EventKey><![CDATA[]]></EventKey>
</xml>

2019-04-11 06:56:45<xml><ToUserName><![CDATA[gh_e8d192d4b86d]]></ToUserName>
<FromUserName><![CDATA[oEggo50Kip7Wfywmsu_J77IUtcfg]]></FromUserName>
<CreateTime>1554959766</CreateTime>
<MsgType><![CDATA[event]]></MsgType>
<Event><![CDATA[subscribe]]></Event>
<EventKey><![CDATA[]]></EventKey>
</xml>

2019-04-11 06:58:08<xml><ToUserName><![CDATA[gh_e8d192d4b86d]]></ToUserName>
<FromUserName><![CDATA[oEggo50Kip7Wfywmsu_J77IUtcfg]]></FromUserName>
<CreateTime>1554959766</CreateTime>
<MsgType><![CDATA[event]]></MsgType>
<Event><![CDATA[subscribe]]></Event>
<EventKey><![CDATA[]]></EventKey>
</xml>

2019-04-11 07:00:47<xml><ToUserName><![CDATA[gh_e8d192d4b86d]]></ToUserName>
<FromUserName><![CDATA[oEggo50Kip7Wfywmsu_J77IUtcfg]]></FromUserName>
<CreateTime>1554959766</CreateTime>
<MsgType><![CDATA[event]]></MsgType>
<Event><![CDATA[subscribe]]></Event>
<EventKey><![CDATA[]]></EventKey>
</xml>

2019-04-11 07:00:57<xml><ToUserName><![CDATA[gh_e8d192d4b86d]]></ToUserName>
<FromUserName><![CDATA[oEggo50Kip7Wfywmsu_J77IUtcfg]]></FromUserName>
<CreateTime>1554959766</CreateTime>
<MsgType><![CDATA[event]]></MsgType>
<Event><![CDATA[subscribe]]></Event>
<EventKey><![CDATA[]]></EventKey>
</xml>

2019-04-11 07:01:13<xml><ToUserName><![CDATA[gh_e8d192d4b86d]]></ToUserName>
<FromUserName><![CDATA[oEggo50Kip7Wfywmsu_J77IUtcfg]]></FromUserName>
<CreateTime>1554959766</CreateTime>
<MsgType><![CDATA[event]]></MsgType>
<Event><![CDATA[subscribe]]></Event>
<EventKey><![CDATA[]]></EventKey>
</xml>

2019-04-11 07:01:35<xml><ToUserName><![CDATA[gh_e8d192d4b86d]]></ToUserName>
<FromUserName><![CDATA[oEggo50Kip7Wfywmsu_J77IUtcfg]]></FromUserName>
<CreateTime>1554959766</CreateTime>
<MsgType><![CDATA[event]]></MsgType>
<Event><![CDATA[subscribe]]></Event>
<EventKey><![CDATA[]]></EventKey>
</xml>

2019-04-11 07:03:16<xml><ToUserName><![CDATA[gh_e8d192d4b86d]]></ToUserName>
<FromUserName><![CDATA[oEggo50Kip7Wfywmsu_J77IUtcfg]]></FromUserName>
<CreateTime>1554959766</CreateTime>
<MsgType><![CDATA[event]]></MsgType>
<Event><![CDATA[subscribe]]></Event>
<EventKey><![CDATA[]]></EventKey>
</xml>

2019-04-11 07:11:11<xml><ToUserName><![CDATA[gh_e8d192d4b86d]]></ToUserName>
<FromUserName><![CDATA[oEggo50Kip7Wfywmsu_J77IUtcfg]]></FromUserName>
<CreateTime>1554959766</CreateTime>
<MsgType><![CDATA[event]]></MsgType>
<Event><![CDATA[subscribe]]></Event>
<EventKey><![CDATA[]]></EventKey>
</xml>

2019-04-11 07:13:06<xml><ToUserName><![CDATA[gh_e8d192d4b86d]]></ToUserName>
<FromUserName><![CDATA[oEggo50Kip7Wfywmsu_J77IUtcfg]]></FromUserName>
<CreateTime>1554959766</CreateTime>
<MsgType><![CDATA[event]]></MsgType>
<Event><![CDATA[subscribe]]></Event>
<EventKey><![CDATA[]]></EventKey>
</xml>

2019-04-11 07:14:56<xml><ToUserName><![CDATA[gh_e8d192d4b86d]]></ToUserName>
<FromUserName><![CDATA[oEggo50Kip7Wfywmsu_J77IUtcfg]]></FromUserName>
<CreateTime>1554959766</CreateTime>
<MsgType><![CDATA[event]]></MsgType>
<Event><![CDATA[subscribe]]></Event>
<EventKey><![CDATA[]]></EventKey>
</xml>

2019-04-11 07:18:06<xml><ToUserName><![CDATA[gh_e8d192d4b86d]]></ToUserName>
<FromUserName><![CDATA[oEggo50Kip7Wfywmsu_J77IUtcfg]]></FromUserName>
<CreateTime>1554959766</CreateTime>
<MsgType><![CDATA[event]]></MsgType>
<Event><![CDATA[subscribe]]></Event>
<EventKey><![CDATA[]]></EventKey>
</xml>

2019-04-11 07:19:58<xml><ToUserName><![CDATA[gh_e8d192d4b86d]]></ToUserName>
<FromUserName><![CDATA[oEggo50Kip7Wfywmsu_J77IUtcfg]]></FromUserName>
<CreateTime>1554959766</CreateTime>
<MsgType><![CDATA[event]]></MsgType>
<Event><![CDATA[subscribe]]></Event>
<EventKey><![CDATA[]]></EventKey>
</xml>

2019-04-11 07:20:25<xml><ToUserName><![CDATA[gh_e8d192d4b86d]]></ToUserName>
<FromUserName><![CDATA[oEggo50Kip7Wfywmsu_J77IUtcfg]]></FromUserName>
<CreateTime>1554959766</CreateTime>
<MsgType><![CDATA[event]]></MsgType>
<Event><![CDATA[subscribe]]></Event>
<EventKey><![CDATA[]]></EventKey>
</xml>

2019-04-11 07:21:05<xml><ToUserName><![CDATA[gh_e8d192d4b86d]]></ToUserName>
<FromUserName><![CDATA[oEggo50Kip7Wfywmsu_J77IUtcfg]]></FromUserName>
<CreateTime>1554959766</CreateTime>
<MsgType><![CDATA[event]]></MsgType>
<Event><![CDATA[subscribe]]></Event>
<EventKey><![CDATA[]]></EventKey>
</xml>

2019-04-11 07:25:15<xml><ToUserName><![CDATA[gh_e8d192d4b86d]]></ToUserName>
<FromUserName><![CDATA[oEggo50Kip7Wfywmsu_J77IUtcfg]]></FromUserName>
<CreateTime>1554959766</CreateTime>
<MsgType><![CDATA[event]]></MsgType>
<Event><![CDATA[subscribe]]></Event>
<EventKey><![CDATA[]]></EventKey>
</xml>

2019-04-11 07:25:48<xml><ToUserName><![CDATA[gh_e8d192d4b86d]]></ToUserName>
<FromUserName><![CDATA[oEggo50Kip7Wfywmsu_J77IUtcfg]]></FromUserName>
<CreateTime>1554959766</CreateTime>
<MsgType><![CDATA[event]]></MsgType>
<Event><![CDATA[subscribe]]></Event>
<EventKey><![CDATA[]]></EventKey>
</xml>

2019-04-11 07:27:02
2019-04-11 07:27:10<xml><ToUserName><![CDATA[gh_e8d192d4b86d]]></ToUserName>
<FromUserName><![CDATA[oEggo50Kip7Wfywmsu_J77IUtcfg]]></FromUserName>
<CreateTime>1554959766</CreateTime>
<MsgType><![CDATA[event]]></MsgType>
<Event><![CDATA[subscribe]]></Event>
<EventKey><![CDATA[]]></EventKey>
</xml>

2019-04-11 07:28:43<xml><ToUserName><![CDATA[gh_e8d192d4b86d]]></ToUserName>
<FromUserName><![CDATA[oEggo50Kip7Wfywmsu_J77IUtcfg]]></FromUserName>
<CreateTime>1554959766</CreateTime>
<MsgType><![CDATA[event]]></MsgType>
<Event><![CDATA[subscribe]]></Event>
<EventKey><![CDATA[]]></EventKey>
</xml>

2019-04-11 07:30:12<xml><ToUserName><![CDATA[gh_e8d192d4b86d]]></ToUserName>
<FromUserName><![CDATA[oEggo50Kip7Wfywmsu_J77IUtcfg]]></FromUserName>
<CreateTime>1554959766</CreateTime>
<MsgType><![CDATA[event]]></MsgType>
<Event><![CDATA[subscribe]]></Event>
<EventKey><![CDATA[]]></EventKey>
</xml>

2019-04-11 07:31:59<xml><ToUserName><![CDATA[gh_e8d192d4b86d]]></ToUserName>
<FromUserName><![CDATA[oEggo50Kip7Wfywmsu_J77IUtcfg]]></FromUserName>
<CreateTime>1554959766</CreateTime>
<MsgType><![CDATA[event]]></MsgType>
<Event><![CDATA[subscribe]]></Event>
<EventKey><![CDATA[]]></EventKey>
</xml>

2019-04-11 07:32:15<xml><ToUserName><![CDATA[gh_e8d192d4b86d]]></ToUserName>
<FromUserName><![CDATA[oEggo50Kip7Wfywmsu_J77IUtcfg]]></FromUserName>
<CreateTime>1554959766</CreateTime>
<MsgType><![CDATA[event]]></MsgType>
<Event><![CDATA[subscribe]]></Event>
<EventKey><![CDATA[]]></EventKey>
</xml>

2019-04-11 07:32:52<xml><ToUserName><![CDATA[gh_e8d192d4b86d]]></ToUserName>
<FromUserName><![CDATA[oEggo50Kip7Wfywmsu_J77IUtcfg]]></FromUserName>
<CreateTime>1554959766</CreateTime>
<MsgType><![CDATA[event]]></MsgType>
<Event><![CDATA[subscribe]]></Event>
<EventKey><![CDATA[]]></EventKey>
</xml>

2019-04-11 07:33:21<xml><ToUserName><![CDATA[gh_e8d192d4b86d]]></ToUserName>
<FromUserName><![CDATA[oEggo50Kip7Wfywmsu_J77IUtcfg]]></FromUserName>
<CreateTime>1554959766</CreateTime>
<MsgType><![CDATA[event]]></MsgType>
<Event><![CDATA[subscribe]]></Event>
<EventKey><![CDATA[]]></EventKey>
</xml>

2019-04-11 07:33:39<xml><ToUserName><![CDATA[gh_e8d192d4b86d]]></ToUserName>
<FromUserName><![CDATA[oEggo50Kip7Wfywmsu_J77IUtcfg]]></FromUserName>
<CreateTime>1554959766</CreateTime>
<MsgType><![CDATA[event]]></MsgType>
<Event><![CDATA[subscribe]]></Event>
<EventKey><![CDATA[]]></EventKey>
</xml>

2019-04-11 07:36:13<xml><ToUserName><![CDATA[gh_e8d192d4b86d]]></ToUserName>
<FromUserName><![CDATA[oEggo50Kip7Wfywmsu_J77IUtcfg]]></FromUserName>
<CreateTime>1554959766</CreateTime>
<MsgType><![CDATA[event]]></MsgType>
<Event><![CDATA[subscribe]]></Event>
<EventKey><![CDATA[]]></EventKey>
</xml>

2019-04-11 07:41:37<xml><ToUserName><![CDATA[gh_e8d192d4b86d]]></ToUserName>
<FromUserName><![CDATA[oEggo50Kip7Wfywmsu_J77IUtcfg]]></FromUserName>
<CreateTime>1554959766</CreateTime>
<MsgType><![CDATA[event]]></MsgType>
<Event><![CDATA[subscribe]]></Event>
<EventKey><![CDATA[]]></EventKey>
</xml>

2019-04-11 07:44:45<xml><ToUserName><![CDATA[gh_e8d192d4b86d]]></ToUserName>
<FromUserName><![CDATA[oEggo50Kip7Wfywmsu_J77IUtcfg]]></FromUserName>
<CreateTime>1554959766</CreateTime>
<MsgType><![CDATA[event]]></MsgType>
<Event><![CDATA[subscribe]]></Event>
<EventKey><![CDATA[]]></EventKey>
</xml>

2019-04-11 07:46:58<xml><ToUserName><![CDATA[gh_e8d192d4b86d]]></ToUserName>
<FromUserName><![CDATA[oEggo50Kip7Wfywmsu_J77IUtcfg]]></FromUserName>
<CreateTime>1554959766</CreateTime>
<MsgType><![CDATA[event]]></MsgType>
<Event><![CDATA[subscribe]]></Event>
<EventKey><![CDATA[]]></EventKey>
</xml>

2019-04-11 07:48:30<xml><ToUserName><![CDATA[gh_e8d192d4b86d]]></ToUserName>
<FromUserName><![CDATA[oEggo50Kip7Wfywmsu_J77IUtcfg]]></FromUserName>
<CreateTime>1554959766</CreateTime>
<MsgType><![CDATA[event]]></MsgType>
<Event><![CDATA[subscribe]]></Event>
<EventKey><![CDATA[]]></EventKey>
</xml>

2019-04-11 07:49:19<xml><ToUserName><![CDATA[gh_e8d192d4b86d]]></ToUserName>
<FromUserName><![CDATA[oEggo50Kip7Wfywmsu_J77IUtcfg]]></FromUserName>
<CreateTime>1554959766</CreateTime>
<MsgType><![CDATA[event]]></MsgType>
<Event><![CDATA[subscribe]]></Event>
<EventKey><![CDATA[]]></EventKey>
</xml>

2019-04-11 08:01:13<xml><ToUserName><![CDATA[gh_e8d192d4b86d]]></ToUserName>
<FromUserName><![CDATA[oEggo50Kip7Wfywmsu_J77IUtcfg]]></FromUserName>
<CreateTime>1554959766</CreateTime>
<MsgType><![CDATA[event]]></MsgType>
<Event><![CDATA[subscribe]]></Event>
<EventKey><![CDATA[]]></EventKey>
</xml>

2019-04-11 08:01:25<xml><ToUserName><![CDATA[gh_e8d192d4b86d]]></ToUserName>
<FromUserName><![CDATA[oEggo50Kip7Wfywmsu_J77IUtcfg]]></FromUserName>
<CreateTime>1554959766</CreateTime>
<MsgType><![CDATA[event]]></MsgType>
<Event><![CDATA[subscribe]]></Event>
<EventKey><![CDATA[]]></EventKey>
</xml>

2019-04-11 08:08:34<xml><ToUserName><![CDATA[gh_e8d192d4b86d]]></ToUserName>
<FromUserName><![CDATA[oEggo50Kip7Wfywmsu_J77IUtcfg]]></FromUserName>
<CreateTime>1554959766</CreateTime>
<MsgType><![CDATA[event]]></MsgType>
<Event><![CDATA[subscribe]]></Event>
<EventKey><![CDATA[]]></EventKey>
</xml>

2019-04-11 08:12:13<xml><ToUserName><![CDATA[gh_e8d192d4b86d]]></ToUserName>
<FromUserName><![CDATA[oEggo50Kip7Wfywmsu_J77IUtcfg]]></FromUserName>
<CreateTime>1554959766</CreateTime>
<MsgType><![CDATA[event]]></MsgType>
<Event><![CDATA[subscribe]]></Event>
<EventKey><![CDATA[]]></EventKey>
</xml>

2019-04-11 08:12:33<xml><ToUserName><![CDATA[gh_e8d192d4b86d]]></ToUserName>
<FromUserName><![CDATA[oEggo50Kip7Wfywmsu_J77IUtcfg]]></FromUserName>
<CreateTime>1554959766</CreateTime>
<MsgType><![CDATA[event]]></MsgType>
<Event><![CDATA[subscribe]]></Event>
<EventKey><![CDATA[]]></EventKey>
</xml>

2019-04-11 08:12:40<xml><ToUserName><![CDATA[gh_e8d192d4b86d]]></ToUserName>
<FromUserName><![CDATA[oEggo50Kip7Wfywmsu_J77IUtcfg]]></FromUserName>
<CreateTime>1554959766</CreateTime>
<MsgType><![CDATA[event]]></MsgType>
<Event><![CDATA[subscribe]]></Event>
<EventKey><![CDATA[]]></EventKey>
</xml>

2019-04-11 08:15:17<xml><ToUserName><![CDATA[gh_e8d192d4b86d]]></ToUserName>
<FromUserName><![CDATA[oEggo50Kip7Wfywmsu_J77IUtcfg]]></FromUserName>
<CreateTime>1554959766</CreateTime>
<MsgType><![CDATA[event]]></MsgType>
<Event><![CDATA[subscribe]]></Event>
<EventKey><![CDATA[]]></EventKey>
</xml>

2019-04-11 08:15:36<xml><ToUserName><![CDATA[gh_e8d192d4b86d]]></ToUserName>
<FromUserName><![CDATA[oEggo50Kip7Wfywmsu_J77IUtcfg]]></FromUserName>
<CreateTime>1554959766</CreateTime>
<MsgType><![CDATA[event]]></MsgType>
<Event><![CDATA[subscribe]]></Event>
<EventKey><![CDATA[]]></EventKey>
</xml>

2019-04-11 08:15:38<xml><ToUserName><![CDATA[gh_e8d192d4b86d]]></ToUserName>
<FromUserName><![CDATA[oEggo50Kip7Wfywmsu_J77IUtcfg]]></FromUserName>
<CreateTime>1554959766</CreateTime>
<MsgType><![CDATA[event]]></MsgType>
<Event><![CDATA[subscribe]]></Event>
<EventKey><![CDATA[]]></EventKey>
</xml>

2019-04-11 08:15:39<xml><ToUserName><![CDATA[gh_e8d192d4b86d]]></ToUserName>
<FromUserName><![CDATA[oEggo50Kip7Wfywmsu_J77IUtcfg]]></FromUserName>
<CreateTime>1554959766</CreateTime>
<MsgType><![CDATA[event]]></MsgType>
<Event><![CDATA[subscribe]]></Event>
<EventKey><![CDATA[]]></EventKey>
</xml>

2019-04-11 08:15:39<xml><ToUserName><![CDATA[gh_e8d192d4b86d]]></ToUserName>
<FromUserName><![CDATA[oEggo50Kip7Wfywmsu_J77IUtcfg]]></FromUserName>
<CreateTime>1554959766</CreateTime>
<MsgType><![CDATA[event]]></MsgType>
<Event><![CDATA[subscribe]]></Event>
<EventKey><![CDATA[]]></EventKey>
</xml>

2019-04-11 08:15:40<xml><ToUserName><![CDATA[gh_e8d192d4b86d]]></ToUserName>
<FromUserName><![CDATA[oEggo50Kip7Wfywmsu_J77IUtcfg]]></FromUserName>
<CreateTime>1554959766</CreateTime>
<MsgType><![CDATA[event]]></MsgType>
<Event><![CDATA[subscribe]]></Event>
<EventKey><![CDATA[]]></EventKey>
</xml>

2019-04-11 08:15:40<xml><ToUserName><![CDATA[gh_e8d192d4b86d]]></ToUserName>
<FromUserName><![CDATA[oEggo50Kip7Wfywmsu_J77IUtcfg]]></FromUserName>
<CreateTime>1554959766</CreateTime>
<MsgType><![CDATA[event]]></MsgType>
<Event><![CDATA[subscribe]]></Event>
<EventKey><![CDATA[]]></EventKey>
</xml>

2019-04-11 08:15:47<xml><ToUserName><![CDATA[gh_e8d192d4b86d]]></ToUserName>
<FromUserName><![CDATA[oEggo50Kip7Wfywmsu_J77IUtcfg]]></FromUserName>
<CreateTime>1554959766</CreateTime>
<MsgType><![CDATA[event]]></MsgType>
<Event><![CDATA[subscribe]]></Event>
<EventKey><![CDATA[]]></EventKey>
</xml>

2019-04-11 08:17:47<xml><ToUserName><![CDATA[gh_e8d192d4b86d]]></ToUserName>
<FromUserName><![CDATA[oEggo50Kip7Wfywmsu_J77IUtcfg]]></FromUserName>
<CreateTime>1554959766</CreateTime>
<MsgType><![CDATA[event]]></MsgType>
<Event><![CDATA[subscribe]]></Event>
<EventKey><![CDATA[]]></EventKey>
</xml>

